<?xml version="1.0" encoding="UTF-8"?>
<testng-results skipped="0" failed="0" total="1" passed="1">
  <reporter-output>
  </reporter-output>
  <suite name="Default suite" duration-ms="32926" started-at="2020-08-15T19:00:02Z" finished-at="2020-08-15T19:00:35Z">
    <groups>
    </groups>
    <test name="Default test" duration-ms="32926" started-at="2020-08-15T19:00:02Z" finished-at="2020-08-15T19:00:35Z">
      <class name="testcase.redifftestcase">
        <test-method status="PASS" signature="home()[pri:0, instance:testcase.redifftestcase@5ae9a829]" name="home" duration-ms="32853" started-at="2020-08-16T00:30:02Z" finished-at="2020-08-16T00:30:35Z">
          <reporter-output>
          </reporter-output>
        </test-method> <!-- home -->
      </class> <!-- testcase.redifftestcase -->
    </test> <!-- Default test -->
  </suite> <!-- Default suite -->
</testng-results>
